[37mDEBU[0m[28 Jul 18 23:16 -0400] PreRun                                        [37marguments[0m=[] [37mcommand[0m=deploy
[37mDEBU[0m[28 Jul 18 23:16 -0400] configure debug middleware                   
[37mDEBU[0m[28 Jul 18 23:16 -0400] configure logging middleware                 
[37mDEBU[0m[28 Jul 18 23:16 -0400] setup logger middleware: panic               
[37mDEBU[0m[28 Jul 18 23:16 -0400] configure auth middleware                    
[37mDEBU[0m[28 Jul 18 23:16 -0400] setup credentials                             [37mcredentials[0m=0x868d00
[37mDEBU[0m[28 Jul 18 23:16 -0400] configure client middleware                  
[37mDEBU[0m[28 Jul 18 23:16 -0400] setup API endpoint                            [37mendpoint[0m="https://api.netlify.com"
[37mDEBU[0m[28 Jul 18 23:16 -0400] configure site middleware                    
[37mDEBU[0m[28 Jul 18 23:16 -0400] Querying for existing sites                  
[37mDEBU[0m[28 Jul 18 23:16 -0400] GET /api/v1/sites?filter=all&name=personal-site-middleman HTTP/1.1
Host: api.netlify.com
User-Agent: netlifyctl
Accept: application/json
Authorization: Bearer 1d23aae0655ae016575345ae8535a8bc3ca7eaf8b0c41df5a82695768e8ac920
Accept-Encoding: gzip


 
[37mDEBU[0m[28 Jul 18 23:16 -0400] HTTP/1.1 200 OK
Transfer-Encoding: chunked
Alt-Svc: clear
Cache-Control: max-age=0, private, must-revalidate
Content-Type: application/json; charset=utf-8
Date: Sun, 29 Jul 2018 03:16:53 GMT
Etag: W/"dd6657d2c9d1f7307df4fc18a1a7bf0a"
Link: <https://api.netlify.com/api/v1/sites?filter=all&name=personal-site-middleman&page=1>; rel=last
Total: 1
Vary: Origin
Via: 1.1 google
X-Frame-Options: ALLOWALL
X-Ratelimit-Limit: 100000000
X-Ratelimit-Remaining: 99999999
X-Ratelimit-Reset: 2018-07-29 03:17:53 UTC
X-Request-Id: 4052ffb8-ea2d-4b2b-b1d6-88e4abf83ba0
X-Runtime: 0.028983

fa1
[{"id":"3f0b99d6-bfec-4c65-b745-938ce03e73e1","site_id":"3f0b99d6-bfec-4c65-b745-938ce03e73e1","plan":"nf_team_dev","plan_data":{"title":"Netlify Team Free","asset_acceleration":true,"form_processing":true,"cdn_propagation":"partial","build_gc_exchange":"buildbot-gc","build_node_pool":"buildbot-external-ssd","build_cluster":"ha2","domain_aliases":true,"secure_site":false,"prerendering":true,"proxying":true,"ssl":"custom","rate_cents":0,"yearly_rate_cents":0,"cdn_network":"free_cdn_network","branch_deploy":true,"managed_dns":true,"geo_ip":true,"split_testing":true,"id":"nf_team_dev"},"ssl_plan":null,"premium":false,"claimed":true,"name":"personal-site-middleman","custom_domain":"tlcubed.co","domain_aliases":[],"password":null,"notification_email":null,"url":"https://tlcubed.co","admin_url":"https://app.netlify.com/sites/personal-site-middleman","deploy_id":"5b5cf49ffdd72a5fc59ec286","build_id":"","deploy_url":"http://5b5cf49ffdd72a5fc59ec286.personal-site-middleman.netlify.com","state":"current","screenshot_url":"https://353a23c500dde3b2ad58-c49fe7e7355d384845270f4a7a0a7aa1.ssl.cf2.rackcdn.com/5b5cf49ffdd72a5fc59ec286/screenshot.png","created_at":"2018-07-28T22:56:02.052Z","updated_at":"2018-07-29T03:07:24.006Z","user_id":"5b5ce90b4ed62f3b72dd8104","error_message":null,"ssl":true,"ssl_url":"https://tlcubed.co","force_ssl":null,"ssl_status":null,"max_domain_aliases":100,"build_settings":{"cmd":"bundle exec middleman","dir":"/build","env":{},"created_at":"2018-07-29T03:07:23.989Z","updated_at":"2018-07-29T03:07:23.989Z","public_repo":false,"private_logs":null,"allowed_branches":["master"],"functions_dir":null,"provider":"github","repo_type":"git","repo_url":"https://github.com/thomaslawton91/personal-site","repo_branch":"master","repo_path":"thomaslawton91/personal-site","base":null,"deploy_key_id":"5b5d2f6bc96592256a240113"},"processing_settings":{"css":{"bundle":true,"minify":true},"js":{"bundle":true,"minify":true},"images":{"optimize":true},"html":{"pretty_urls":true},"skip":true},"prerender":null,"prerender_headers":null,"deploy_hook":"https://api.netlify.com/hooks/github","published_deploy":{"id":"5b5cf49ffdd72a5fc59ec286","site_id":"3f0b99d6-bfec-4c65-b745-938ce03e73e1","build_id":"5b5cf49ffdd72a5fc59ec287","state":"ready","name":"personal-site-middleman","url":"https://tlcubed.co","ssl_url":"https://tlcubed.co","admin_url":"https://app.netlify.com/sites/personal-site-middleman","deploy_url":"http://5b5cf49ffdd72a5fc59ec286.personal-site-middleman.netlify.com","deploy_ssl_url":"https://5b5cf49ffdd72a5fc59ec286--personal-site-middleman.netlify.com","created_at":"2018-07-28T22:56:31.372Z","updated_at":"2018-07-29T03:07:23.836Z","user_id":"5b5ce90b4ed62f3b72dd8104","error_message":null,"required":[],"required_functions":[],"commit_ref":null,"review_id":null,"branch":"master","commit_url":null,"skipped":null,"locked":null,"log_access_attributes":{"type":"firebase","url":"https://netlify.firebaseio.com/builds/5b5cf49ffdd72a5fc59ec287/log"},"title":null,"review_url":null,"published_at":"2018-07-28T22:57:05.057Z","context":"production","deploy_time":32,"available_functions":[]},"managed_dns":true,"jwt_secret":null,"account_slug":"thomaslawton91","account_name":"Thomas Joseph Lawton III","account_type":"personal","capabilities":{"title":"Netlify Team Free","asset_acceleration":true,"form_processing":true,"cdn_propagation":"partial","build_gc_exchange":"buildbot-gc","build_node_pool":"buildbot-external-ssd","build_cluster":"ha2","domain_aliases":true,"secure_site":false,"prerendering":true,"proxying":true,"ssl":"custom","rate_cents":0,"yearly_rate_cents":0,"cdn_network":"free_cdn_network","branch_deploy":true,"managed_dns":true,"geo_ip":true,"split_testing":true,"id":"nf_team_dev"},"active_subscription_ids":[],"external_contributors_enabled":true,"paid_individual_site_subscription":false,"dns_zone_id":"5b5d047582d3f10d3e45a178","identity_instance_id":null,"use_functions":null,"parent_user_id":null,"automatic_tls_provisioning":null}]
0


 
[37mDEBU[0m[28 Jul 18 23:16 -0400] Got new path from the user                   
[37mDEBU[0m[28 Jul 18 23:16 -0400] Relative path detected, going to deploy: '/home/sofubi/personal-site/build' 
[31mERRO[0m[28 Jul 18 23:16 -0400] command failed                                [31merror[0m="Error copying netlify.toml to the publish directory: /home/sofubi/personal-site/build: open /home/sofubi/personal-site/build/netlify.toml: no such file or directory"
